<?xml version="1.0" encoding="UTF-8"?>
<testsuite name="is.ru.tictactoe.TicTacToeTester" tests="1" skipped="0" failures="0" errors="0" timestamp="2014-10-29T10:59:32" hostname="kla-K55A" time="0.002">
  <properties/>
  <testcase name="testMain" classname="is.ru.tictactoe.TicTacToeTester" time="0.002"/>
  <system-out><![CDATA[]]></system-out>
  <system-err><![CDATA[]]></system-err>
</testsuite>
